<?xml version="1.0" encoding="UTF-8"?>
<testsuite xmlns:xsi="http://www.w3.org/2001/XMLSchema-instance" xsi:noNamespaceSchemaLocation="https://maven.apache.org/surefire/maven-surefire-plugin/xsd/surefire-test-report-3.0.xsd" version="3.0" name="TestSuite" time="51.292" tests="3" errors="0" skipped="0" failures="0">
  <properties>
    <property name="java.specification.version" value="20"/>
    <property name="webdriver.chrome.driver" value="/Users/sripraveenainala/.cache/selenium/chromedriver/mac64/124.0.6367.91/chromedriver"/>
    <property name="sun.jnu.encoding" value="UTF-8"/>
    <property name="java.class.path" value="/Users/sripraveenainala/VeevaSystems/Veeva/target/test-classes:/Users/sripraveenainala/VeevaSystems/Veeva/target/classes:/Users/sripraveenainala/.m2/repository/org/seleniumhq/selenium/selenium-java/4.19.1/selenium-java-4.19.1.jar:/Users/sripraveenainala/.m2/repository/org/seleniumhq/selenium/selenium-api/4.19.1/selenium-api-4.19.1.jar:/Users/sripraveenainala/.m2/repository/org/seleniumhq/selenium/selenium-chrome-driver/4.19.1/selenium-chrome-driver-4.19.1.jar:/Users/sripraveenainala/.m2/repository/com/google/auto/service/auto-service-annotations/1.1.1/auto-service-annotations-1.1.1.jar:/Users/sripraveenainala/.m2/repository/org/seleniumhq/selenium/selenium-chromium-driver/4.19.1/selenium-chromium-driver-4.19.1.jar:/Users/sripraveenainala/.m2/repository/org/seleniumhq/selenium/selenium-json/4.19.1/selenium-json-4.19.1.jar:/Users/sripraveenainala/.m2/repository/org/seleniumhq/selenium/selenium-manager/4.19.1/selenium-manager-4.19.1.jar:/Users/sripraveenainala/.m2/repository/org/seleniumhq/selenium/selenium-devtools-v121/4.19.1/selenium-devtools-v121-4.19.1.jar:/Users/sripraveenainala/.m2/repository/org/seleniumhq/selenium/selenium-devtools-v122/4.19.1/selenium-devtools-v122-4.19.1.jar:/Users/sripraveenainala/.m2/repository/org/seleniumhq/selenium/selenium-devtools-v123/4.19.1/selenium-devtools-v123-4.19.1.jar:/Users/sripraveenainala/.m2/repository/org/seleniumhq/selenium/selenium-devtools-v85/4.19.1/selenium-devtools-v85-4.19.1.jar:/Users/sripraveenainala/.m2/repository/org/seleniumhq/selenium/selenium-edge-driver/4.19.1/selenium-edge-driver-4.19.1.jar:/Users/sripraveenainala/.m2/repository/org/seleniumhq/selenium/selenium-firefox-driver/4.19.1/selenium-firefox-driver-4.19.1.jar:/Users/sripraveenainala/.m2/repository/org/seleniumhq/selenium/selenium-http/4.19.1/selenium-http-4.19.1.jar:/Users/sripraveenainala/.m2/repository/dev/failsafe/failsafe/3.3.2/failsafe-3.3.2.jar:/Users/sripraveenainala/.m2/repository/org/seleniumhq/selenium/selenium-ie-driver/4.19.1/selenium-ie-driver-4.19.1.jar:/Users/sripraveenainala/.m2/repository/org/seleniumhq/selenium/selenium-remote-driver/4.19.1/selenium-remote-driver-4.19.1.jar:/Users/sripraveenainala/.m2/repository/com/google/guava/guava/33.1.0-jre/guava-33.1.0-jre.jar:/Users/sripraveenainala/.m2/repository/com/google/guava/failureaccess/1.0.2/failureaccess-1.0.2.jar:/Users/sripraveenainala/.m2/repository/com/google/guava/listenablefuture/9999.0-empty-to-avoid-conflict-with-guava/listenablefuture-9999.0-empty-to-avoid-conflict-with-guava.jar:/Users/sripraveenainala/.m2/repository/com/google/code/findbugs/jsr305/3.0.2/jsr305-3.0.2.jar:/Users/sripraveenainala/.m2/repository/org/checkerframework/checker-qual/3.42.0/checker-qual-3.42.0.jar:/Users/sripraveenainala/.m2/repository/com/google/errorprone/error_prone_annotations/2.26.1/error_prone_annotations-2.26.1.jar:/Users/sripraveenainala/.m2/repository/com/google/j2objc/j2objc-annotations/3.0.0/j2objc-annotations-3.0.0.jar:/Users/sripraveenainala/.m2/repository/io/opentelemetry/semconv/opentelemetry-semconv/1.23.1-alpha/opentelemetry-semconv-1.23.1-alpha.jar:/Users/sripraveenainala/.m2/repository/io/opentelemetry/opentelemetry-api/1.36.0/opentelemetry-api-1.36.0.jar:/Users/sripraveenainala/.m2/repository/io/opentelemetry/opentelemetry-context/1.36.0/opentelemetry-context-1.36.0.jar:/Users/sripraveenainala/.m2/repository/io/opentelemetry/opentelemetry-exporter-logging/1.36.0/opentelemetry-exporter-logging-1.36.0.jar:/Users/sripraveenainala/.m2/repository/io/opentelemetry/opentelemetry-sdk-common/1.36.0/opentelemetry-sdk-common-1.36.0.jar:/Users/sripraveenainala/.m2/repository/io/opentelemetry/opentelemetry-sdk-extension-autoconfigure-spi/1.36.0/opentelemetry-sdk-extension-autoconfigure-spi-1.36.0.jar:/Users/sripraveenainala/.m2/repository/io/opentelemetry/opentelemetry-sdk-extension-autoconfigure/1.36.0/opentelemetry-sdk-extension-autoconfigure-1.36.0.jar:/Users/sripraveenainala/.m2/repository/io/opentelemetry/opentelemetry-api-events/1.36.0-alpha/opentelemetry-api-events-1.36.0-alpha.jar:/Users/sripraveenainala/.m2/repository/io/opentelemetry/opentelemetry-sdk-trace/1.36.0/opentelemetry-sdk-trace-1.36.0.jar:/Users/sripraveenainala/.m2/repository/io/opentelemetry/opentelemetry-extension-incubator/1.36.0-alpha/opentelemetry-extension-incubator-1.36.0-alpha.jar:/Users/sripraveenainala/.m2/repository/io/opentelemetry/opentelemetry-sdk/1.36.0/opentelemetry-sdk-1.36.0.jar:/Users/sripraveenainala/.m2/repository/io/opentelemetry/opentelemetry-sdk-metrics/1.36.0/opentelemetry-sdk-metrics-1.36.0.jar:/Users/sripraveenainala/.m2/repository/io/opentelemetry/opentelemetry-sdk-logs/1.36.0/opentelemetry-sdk-logs-1.36.0.jar:/Users/sripraveenainala/.m2/repository/net/bytebuddy/byte-buddy/1.14.12/byte-buddy-1.14.12.jar:/Users/sripraveenainala/.m2/repository/org/seleniumhq/selenium/selenium-os/4.19.1/selenium-os-4.19.1.jar:/Users/sripraveenainala/.m2/repository/org/apache/commons/commons-exec/1.3/commons-exec-1.3.jar:/Users/sripraveenainala/.m2/repository/org/seleniumhq/selenium/selenium-safari-driver/4.19.1/selenium-safari-driver-4.19.1.jar:/Users/sripraveenainala/.m2/repository/org/seleniumhq/selenium/selenium-support/4.19.1/selenium-support-4.19.1.jar:/Users/sripraveenainala/.m2/repository/io/github/bonigarcia/webdrivermanager/5.7.0/webdrivermanager-5.7.0.jar:/Users/sripraveenainala/.m2/repository/com/google/code/gson/gson/2.10.1/gson-2.10.1.jar:/Users/sripraveenainala/.m2/repository/com/github/docker-java/docker-java/3.3.5/docker-java-3.3.5.jar:/Users/sripraveenainala/.m2/repository/com/github/docker-java/docker-java-core/3.3.5/docker-java-core-3.3.5.jar:/Users/sripraveenainala/.m2/repository/com/github/docker-java/docker-java-api/3.3.5/docker-java-api-3.3.5.jar:/Users/sripraveenainala/.m2/repository/org/bouncycastle/bcpkix-jdk18on/1.76/bcpkix-jdk18on-1.76.jar:/Users/sripraveenainala/.m2/repository/org/bouncycastle/bcprov-jdk18on/1.76/bcprov-jdk18on-1.76.jar:/Users/sripraveenainala/.m2/repository/org/bouncycastle/bcutil-jdk18on/1.76/bcutil-jdk18on-1.76.jar:/Users/sripraveenainala/.m2/repository/org/slf4j/jcl-over-slf4j/1.7.30/jcl-over-slf4j-1.7.30.jar:/Users/sripraveenainala/.m2/repository/com/github/docker-java/docker-java-transport-httpclient5/3.3.5/docker-java-transport-httpclient5-3.3.5.jar:/Users/sripraveenainala/.m2/repository/com/github/docker-java/docker-java-transport/3.3.5/docker-java-transport-3.3.5.jar:/Users/sripraveenainala/.m2/repository/net/java/dev/jna/jna/5.13.0/jna-5.13.0.jar:/Users/sripraveenainala/.m2/repository/org/brotli/dec/0.1.2/dec-0.1.2.jar:/Users/sripraveenainala/.m2/repository/org/apache/commons/commons-lang3/3.14.0/commons-lang3-3.14.0.jar:/Users/sripraveenainala/.m2/repository/org/apache/commons/commons-compress/1.26.0/commons-compress-1.26.0.jar:/Users/sripraveenainala/.m2/repository/org/apache/httpcomponents/client5/httpclient5/5.2.1/httpclient5-5.2.1.jar:/Users/sripraveenainala/.m2/repository/org/apache/httpcomponents/core5/httpcore5/5.2/httpcore5-5.2.jar:/Users/sripraveenainala/.m2/repository/org/apache/httpcomponents/core5/httpcore5-h2/5.2/httpcore5-h2-5.2.jar:/Users/sripraveenainala/.m2/repository/io/cucumber/cucumber-core/7.14.0/cucumber-core-7.14.0.jar:/Users/sripraveenainala/.m2/repository/io/cucumber/cucumber-gherkin/7.14.0/cucumber-gherkin-7.14.0.jar:/Users/sripraveenainala/.m2/repository/io/cucumber/cucumber-gherkin-messages/7.14.0/cucumber-gherkin-messages-7.14.0.jar:/Users/sripraveenainala/.m2/repository/io/cucumber/gherkin/26.2.0/gherkin-26.2.0.jar:/Users/sripraveenainala/.m2/repository/io/cucumber/messages/22.0.0/messages-22.0.0.jar:/Users/sripraveenainala/.m2/repository/io/cucumber/tag-expressions/5.0.6/tag-expressions-5.0.6.jar:/Users/sripraveenainala/.m2/repository/io/cucumber/cucumber-expressions/16.1.2/cucumber-expressions-16.1.2.jar:/Users/sripraveenainala/.m2/repository/io/cucumber/datatable/7.14.0/datatable-7.14.0.jar:/Users/sripraveenainala/.m2/repository/io/cucumber/cucumber-plugin/7.14.0/cucumber-plugin-7.14.0.jar:/Users/sripraveenainala/.m2/repository/io/cucumber/docstring/7.14.0/docstring-7.14.0.jar:/Users/sripraveenainala/.m2/repository/io/cucumber/html-formatter/20.4.0/html-formatter-20.4.0.jar:/Users/sripraveenainala/.m2/repository/io/cucumber/junit-xml-formatter/0.2.0/junit-xml-formatter-0.2.0.jar:/Users/sripraveenainala/.m2/repository/io/cucumber/ci-environment/9.2.0/ci-environment-9.2.0.jar:/Users/sripraveenainala/.m2/repository/org/apiguardian/apiguardian-api/1.1.2/apiguardian-api-1.1.2.jar:/Users/sripraveenainala/.m2/repository/io/cucumber/cucumber-testng/7.14.0/cucumber-testng-7.14.0.jar:/Users/sripraveenainala/.m2/repository/org/testng/testng/7.8.0/testng-7.8.0.jar:/Users/sripraveenainala/.m2/repository/com/beust/jcommander/1.82/jcommander-1.82.jar:/Users/sripraveenainala/.m2/repository/org/webjars/jquery/3.6.1/jquery-3.6.1.jar:/Users/sripraveenainala/.m2/repository/io/cucumber/cucumber-java/7.14.0/cucumber-java-7.14.0.jar:/Users/sripraveenainala/.m2/repository/net/masterthought/cucumber-reporting/5.7.5/cucumber-reporting-5.7.5.jar:/Users/sripraveenainala/.m2/repository/com/fasterxml/jackson/core/jackson-databind/2.13.2.2/jackson-databind-2.13.2.2.jar:/Users/sripraveenainala/.m2/repository/com/fasterxml/jackson/core/jackson-annotations/2.13.2/jackson-annotations-2.13.2.jar:/Users/sripraveenainala/.m2/repository/com/fasterxml/jackson/core/jackson-core/2.13.2/jackson-core-2.13.2.jar:/Users/sripraveenainala/.m2/repository/com/fasterxml/jackson/datatype/jackson-datatype-jsr310/2.13.2/jackson-datatype-jsr310-2.13.2.jar:/Users/sripraveenainala/.m2/repository/org/apache/velocity/velocity-engine-core/2.3/velocity-engine-core-2.3.jar:/Users/sripraveenainala/.m2/repository/org/apache/commons/commons-collections4/4.4/commons-collections4-4.4.jar:/Users/sripraveenainala/.m2/repository/joda-time/joda-time/2.12.2/joda-time-2.12.2.jar:/Users/sripraveenainala/.m2/repository/commons-io/commons-io/2.7/commons-io-2.7.jar:/Users/sripraveenainala/.m2/repository/org/codehaus/plexus/plexus-utils/3.5.0/plexus-utils-3.5.0.jar:/Users/sripraveenainala/.m2/repository/org/jsoup/jsoup/1.15.4/jsoup-1.15.4.jar:/Users/sripraveenainala/.m2/repository/com/googlecode/owasp-java-html-sanitizer/owasp-java-html-sanitizer/20220608.1/owasp-java-html-sanitizer-20220608.1.jar:/Users/sripraveenainala/.m2/repository/commons-configuration/commons-configuration/1.10/commons-configuration-1.10.jar:/Users/sripraveenainala/.m2/repository/commons-lang/commons-lang/2.6/commons-lang-2.6.jar:/Users/sripraveenainala/.m2/repository/commons-logging/commons-logging/1.1.1/commons-logging-1.1.1.jar:/Users/sripraveenainala/.m2/repository/org/projectlombok/lombok/1.18.30/lombok-1.18.30.jar:/Users/sripraveenainala/.m2/repository/ch/qos/logback/logback-classic/1.5.3/logback-classic-1.5.3.jar:/Users/sripraveenainala/.m2/repository/ch/qos/logback/logback-core/1.5.3/logback-core-1.5.3.jar:/Users/sripraveenainala/.m2/repository/org/slf4j/slf4j-api/2.0.12/slf4j-api-2.0.12.jar:/Users/sripraveenainala/.m2/repository/com/opencsv/opencsv/4.1/opencsv-4.1.jar:/Users/sripraveenainala/.m2/repository/org/apache/commons/commons-text/1.1/commons-text-1.1.jar:/Users/sripraveenainala/.m2/repository/commons-beanutils/commons-beanutils/1.9.3/commons-beanutils-1.9.3.jar:/Users/sripraveenainala/.m2/repository/commons-collections/commons-collections/3.2.2/commons-collections-3.2.2.jar:"/>
    <property name="java.vm.vendor" value="Oracle Corporation"/>
    <property name="sun.arch.data.model" value="64"/>
    <property name="java.vendor.url" value="https://java.oracle.com/"/>
    <property name="user.timezone" value="Asia/Kolkata"/>
    <property name="os.name" value="Mac OS X"/>
    <property name="java.vm.specification.version" value="20"/>
    <property name="sun.java.launcher" value="SUN_STANDARD"/>
    <property name="user.country" value="IN"/>
    <property name="sun.boot.library.path" value="/Users/sripraveenainala/Library/Java/JavaVirtualMachines/openjdk-20/Contents/Home/lib"/>
    <property name="sun.java.command" value="/Users/sripraveenainala/VeevaSystems/Veeva/target/surefire/surefirebooter-20240506071642998_3.jar /Users/sripraveenainala/VeevaSystems/Veeva/target/surefire 2024-05-06T07-16-42_817-jvmRun1 surefire-20240506071642998_1tmp surefire_0-20240506071642998_2tmp"/>
    <property name="http.nonProxyHosts" value="local|*.local|169.254/16|*.169.254/16"/>
    <property name="jdk.debug" value="release"/>
    <property name="surefire.test.class.path" value="/Users/sripraveenainala/VeevaSystems/Veeva/target/test-classes:/Users/sripraveenainala/VeevaSystems/Veeva/target/classes:/Users/sripraveenainala/.m2/repository/org/seleniumhq/selenium/selenium-java/4.19.1/selenium-java-4.19.1.jar:/Users/sripraveenainala/.m2/repository/org/seleniumhq/selenium/selenium-api/4.19.1/selenium-api-4.19.1.jar:/Users/sripraveenainala/.m2/repository/org/seleniumhq/selenium/selenium-chrome-driver/4.19.1/selenium-chrome-driver-4.19.1.jar:/Users/sripraveenainala/.m2/repository/com/google/auto/service/auto-service-annotations/1.1.1/auto-service-annotations-1.1.1.jar:/Users/sripraveenainala/.m2/repository/org/seleniumhq/selenium/selenium-chromium-driver/4.19.1/selenium-chromium-driver-4.19.1.jar:/Users/sripraveenainala/.m2/repository/org/seleniumhq/selenium/selenium-json/4.19.1/selenium-json-4.19.1.jar:/Users/sripraveenainala/.m2/repository/org/seleniumhq/selenium/selenium-manager/4.19.1/selenium-manager-4.19.1.jar:/Users/sripraveenainala/.m2/repository/org/seleniumhq/selenium/selenium-devtools-v121/4.19.1/selenium-devtools-v121-4.19.1.jar:/Users/sripraveenainala/.m2/repository/org/seleniumhq/selenium/selenium-devtools-v122/4.19.1/selenium-devtools-v122-4.19.1.jar:/Users/sripraveenainala/.m2/repository/org/seleniumhq/selenium/selenium-devtools-v123/4.19.1/selenium-devtools-v123-4.19.1.jar:/Users/sripraveenainala/.m2/repository/org/seleniumhq/selenium/selenium-devtools-v85/4.19.1/selenium-devtools-v85-4.19.1.jar:/Users/sripraveenainala/.m2/repository/org/seleniumhq/selenium/selenium-edge-driver/4.19.1/selenium-edge-driver-4.19.1.jar:/Users/sripraveenainala/.m2/repository/org/seleniumhq/selenium/selenium-firefox-driver/4.19.1/selenium-firefox-driver-4.19.1.jar:/Users/sripraveenainala/.m2/repository/org/seleniumhq/selenium/selenium-http/4.19.1/selenium-http-4.19.1.jar:/Users/sripraveenainala/.m2/repository/dev/failsafe/failsafe/3.3.2/failsafe-3.3.2.jar:/Users/sripraveenainala/.m2/repository/org/seleniumhq/selenium/selenium-ie-driver/4.19.1/selenium-ie-driver-4.19.1.jar:/Users/sripraveenainala/.m2/repository/org/seleniumhq/selenium/selenium-remote-driver/4.19.1/selenium-remote-driver-4.19.1.jar:/Users/sripraveenainala/.m2/repository/com/google/guava/guava/33.1.0-jre/guava-33.1.0-jre.jar:/Users/sripraveenainala/.m2/repository/com/google/guava/failureaccess/1.0.2/failureaccess-1.0.2.jar:/Users/sripraveenainala/.m2/repository/com/google/guava/listenablefuture/9999.0-empty-to-avoid-conflict-with-guava/listenablefuture-9999.0-empty-to-avoid-conflict-with-guava.jar:/Users/sripraveenainala/.m2/repository/com/google/code/findbugs/jsr305/3.0.2/jsr305-3.0.2.jar:/Users/sripraveenainala/.m2/repository/org/checkerframework/checker-qual/3.42.0/checker-qual-3.42.0.jar:/Users/sripraveenainala/.m2/repository/com/google/errorprone/error_prone_annotations/2.26.1/error_prone_annotations-2.26.1.jar:/Users/sripraveenainala/.m2/repository/com/google/j2objc/j2objc-annotations/3.0.0/j2objc-annotations-3.0.0.jar:/Users/sripraveenainala/.m2/repository/io/opentelemetry/semconv/opentelemetry-semconv/1.23.1-alpha/opentelemetry-semconv-1.23.1-alpha.jar:/Users/sripraveenainala/.m2/repository/io/opentelemetry/opentelemetry-api/1.36.0/opentelemetry-api-1.36.0.jar:/Users/sripraveenainala/.m2/repository/io/opentelemetry/opentelemetry-context/1.36.0/opentelemetry-context-1.36.0.jar:/Users/sripraveenainala/.m2/repository/io/opentelemetry/opentelemetry-exporter-logging/1.36.0/opentelemetry-exporter-logging-1.36.0.jar:/Users/sripraveenainala/.m2/repository/io/opentelemetry/opentelemetry-sdk-common/1.36.0/opentelemetry-sdk-common-1.36.0.jar:/Users/sripraveenainala/.m2/repository/io/opentelemetry/opentelemetry-sdk-extension-autoconfigure-spi/1.36.0/opentelemetry-sdk-extension-autoconfigure-spi-1.36.0.jar:/Users/sripraveenainala/.m2/repository/io/opentelemetry/opentelemetry-sdk-extension-autoconfigure/1.36.0/opentelemetry-sdk-extension-autoconfigure-1.36.0.jar:/Users/sripraveenainala/.m2/repository/io/opentelemetry/opentelemetry-api-events/1.36.0-alpha/opentelemetry-api-events-1.36.0-alpha.jar:/Users/sripraveenainala/.m2/repository/io/opentelemetry/opentelemetry-sdk-trace/1.36.0/opentelemetry-sdk-trace-1.36.0.jar:/Users/sripraveenainala/.m2/repository/io/opentelemetry/opentelemetry-extension-incubator/1.36.0-alpha/opentelemetry-extension-incubator-1.36.0-alpha.jar:/Users/sripraveenainala/.m2/repository/io/opentelemetry/opentelemetry-sdk/1.36.0/opentelemetry-sdk-1.36.0.jar:/Users/sripraveenainala/.m2/repository/io/opentelemetry/opentelemetry-sdk-metrics/1.36.0/opentelemetry-sdk-metrics-1.36.0.jar:/Users/sripraveenainala/.m2/repository/io/opentelemetry/opentelemetry-sdk-logs/1.36.0/opentelemetry-sdk-logs-1.36.0.jar:/Users/sripraveenainala/.m2/repository/net/bytebuddy/byte-buddy/1.14.12/byte-buddy-1.14.12.jar:/Users/sripraveenainala/.m2/repository/org/seleniumhq/selenium/selenium-os/4.19.1/selenium-os-4.19.1.jar:/Users/sripraveenainala/.m2/repository/org/apache/commons/commons-exec/1.3/commons-exec-1.3.jar:/Users/sripraveenainala/.m2/repository/org/seleniumhq/selenium/selenium-safari-driver/4.19.1/selenium-safari-driver-4.19.1.jar:/Users/sripraveenainala/.m2/repository/org/seleniumhq/selenium/selenium-support/4.19.1/selenium-support-4.19.1.jar:/Users/sripraveenainala/.m2/repository/io/github/bonigarcia/webdrivermanager/5.7.0/webdrivermanager-5.7.0.jar:/Users/sripraveenainala/.m2/repository/com/google/code/gson/gson/2.10.1/gson-2.10.1.jar:/Users/sripraveenainala/.m2/repository/com/github/docker-java/docker-java/3.3.5/docker-java-3.3.5.jar:/Users/sripraveenainala/.m2/repository/com/github/docker-java/docker-java-core/3.3.5/docker-java-core-3.3.5.jar:/Users/sripraveenainala/.m2/repository/com/github/docker-java/docker-java-api/3.3.5/docker-java-api-3.3.5.jar:/Users/sripraveenainala/.m2/repository/org/bouncycastle/bcpkix-jdk18on/1.76/bcpkix-jdk18on-1.76.jar:/Users/sripraveenainala/.m2/repository/org/bouncycastle/bcprov-jdk18on/1.76/bcprov-jdk18on-1.76.jar:/Users/sripraveenainala/.m2/repository/org/bouncycastle/bcutil-jdk18on/1.76/bcutil-jdk18on-1.76.jar:/Users/sripraveenainala/.m2/repository/org/slf4j/jcl-over-slf4j/1.7.30/jcl-over-slf4j-1.7.30.jar:/Users/sripraveenainala/.m2/repository/com/github/docker-java/docker-java-transport-httpclient5/3.3.5/docker-java-transport-httpclient5-3.3.5.jar:/Users/sripraveenainala/.m2/repository/com/github/docker-java/docker-java-transport/3.3.5/docker-java-transport-3.3.5.jar:/Users/sripraveenainala/.m2/repository/net/java/dev/jna/jna/5.13.0/jna-5.13.0.jar:/Users/sripraveenainala/.m2/repository/org/brotli/dec/0.1.2/dec-0.1.2.jar:/Users/sripraveenainala/.m2/repository/org/apache/commons/commons-lang3/3.14.0/commons-lang3-3.14.0.jar:/Users/sripraveenainala/.m2/repository/org/apache/commons/commons-compress/1.26.0/commons-compress-1.26.0.jar:/Users/sripraveenainala/.m2/repository/org/apache/httpcomponents/client5/httpclient5/5.2.1/httpclient5-5.2.1.jar:/Users/sripraveenainala/.m2/repository/org/apache/httpcomponents/core5/httpcore5/5.2/httpcore5-5.2.jar:/Users/sripraveenainala/.m2/repository/org/apache/httpcomponents/core5/httpcore5-h2/5.2/httpcore5-h2-5.2.jar:/Users/sripraveenainala/.m2/repository/io/cucumber/cucumber-core/7.14.0/cucumber-core-7.14.0.jar:/Users/sripraveenainala/.m2/repository/io/cucumber/cucumber-gherkin/7.14.0/cucumber-gherkin-7.14.0.jar:/Users/sripraveenainala/.m2/repository/io/cucumber/cucumber-gherkin-messages/7.14.0/cucumber-gherkin-messages-7.14.0.jar:/Users/sripraveenainala/.m2/repository/io/cucumber/gherkin/26.2.0/gherkin-26.2.0.jar:/Users/sripraveenainala/.m2/repository/io/cucumber/messages/22.0.0/messages-22.0.0.jar:/Users/sripraveenainala/.m2/repository/io/cucumber/tag-expressions/5.0.6/tag-expressions-5.0.6.jar:/Users/sripraveenainala/.m2/repository/io/cucumber/cucumber-expressions/16.1.2/cucumber-expressions-16.1.2.jar:/Users/sripraveenainala/.m2/repository/io/cucumber/datatable/7.14.0/datatable-7.14.0.jar:/Users/sripraveenainala/.m2/repository/io/cucumber/cucumber-plugin/7.14.0/cucumber-plugin-7.14.0.jar:/Users/sripraveenainala/.m2/repository/io/cucumber/docstring/7.14.0/docstring-7.14.0.jar:/Users/sripraveenainala/.m2/repository/io/cucumber/html-formatter/20.4.0/html-formatter-20.4.0.jar:/Users/sripraveenainala/.m2/repository/io/cucumber/junit-xml-formatter/0.2.0/junit-xml-formatter-0.2.0.jar:/Users/sripraveenainala/.m2/repository/io/cucumber/ci-environment/9.2.0/ci-environment-9.2.0.jar:/Users/sripraveenainala/.m2/repository/org/apiguardian/apiguardian-api/1.1.2/apiguardian-api-1.1.2.jar:/Users/sripraveenainala/.m2/repository/io/cucumber/cucumber-testng/7.14.0/cucumber-testng-7.14.0.jar:/Users/sripraveenainala/.m2/repository/org/testng/testng/7.8.0/testng-7.8.0.jar:/Users/sripraveenainala/.m2/repository/com/beust/jcommander/1.82/jcommander-1.82.jar:/Users/sripraveenainala/.m2/repository/org/webjars/jquery/3.6.1/jquery-3.6.1.jar:/Users/sripraveenainala/.m2/repository/io/cucumber/cucumber-java/7.14.0/cucumber-java-7.14.0.jar:/Users/sripraveenainala/.m2/repository/net/masterthought/cucumber-reporting/5.7.5/cucumber-reporting-5.7.5.jar:/Users/sripraveenainala/.m2/repository/com/fasterxml/jackson/core/jackson-databind/2.13.2.2/jackson-databind-2.13.2.2.jar:/Users/sripraveenainala/.m2/repository/com/fasterxml/jackson/core/jackson-annotations/2.13.2/jackson-annotations-2.13.2.jar:/Users/sripraveenainala/.m2/repository/com/fasterxml/jackson/core/jackson-core/2.13.2/jackson-core-2.13.2.jar:/Users/sripraveenainala/.m2/repository/com/fasterxml/jackson/datatype/jackson-datatype-jsr310/2.13.2/jackson-datatype-jsr310-2.13.2.jar:/Users/sripraveenainala/.m2/repository/org/apache/velocity/velocity-engine-core/2.3/velocity-engine-core-2.3.jar:/Users/sripraveenainala/.m2/repository/org/apache/commons/commons-collections4/4.4/commons-collections4-4.4.jar:/Users/sripraveenainala/.m2/repository/joda-time/joda-time/2.12.2/joda-time-2.12.2.jar:/Users/sripraveenainala/.m2/repository/commons-io/commons-io/2.7/commons-io-2.7.jar:/Users/sripraveenainala/.m2/repository/org/codehaus/plexus/plexus-utils/3.5.0/plexus-utils-3.5.0.jar:/Users/sripraveenainala/.m2/repository/org/jsoup/jsoup/1.15.4/jsoup-1.15.4.jar:/Users/sripraveenainala/.m2/repository/com/googlecode/owasp-java-html-sanitizer/owasp-java-html-sanitizer/20220608.1/owasp-java-html-sanitizer-20220608.1.jar:/Users/sripraveenainala/.m2/repository/commons-configuration/commons-configuration/1.10/commons-configuration-1.10.jar:/Users/sripraveenainala/.m2/repository/commons-lang/commons-lang/2.6/commons-lang-2.6.jar:/Users/sripraveenainala/.m2/repository/commons-logging/commons-logging/1.1.1/commons-logging-1.1.1.jar:/Users/sripraveenainala/.m2/repository/org/projectlombok/lombok/1.18.30/lombok-1.18.30.jar:/Users/sripraveenainala/.m2/repository/ch/qos/logback/logback-classic/1.5.3/logback-classic-1.5.3.jar:/Users/sripraveenainala/.m2/repository/ch/qos/logback/logback-core/1.5.3/logback-core-1.5.3.jar:/Users/sripraveenainala/.m2/repository/org/slf4j/slf4j-api/2.0.12/slf4j-api-2.0.12.jar:/Users/sripraveenainala/.m2/repository/com/opencsv/opencsv/4.1/opencsv-4.1.jar:/Users/sripraveenainala/.m2/repository/org/apache/commons/commons-text/1.1/commons-text-1.1.jar:/Users/sripraveenainala/.m2/repository/commons-beanutils/commons-beanutils/1.9.3/commons-beanutils-1.9.3.jar:/Users/sripraveenainala/.m2/repository/commons-collections/commons-collections/3.2.2/commons-collections-3.2.2.jar:"/>
    <property name="sun.cpu.endian" value="little"/>
    <property name="user.home" value="/Users/sripraveenainala"/>
    <property name="user.language" value="en"/>
    <property name="java.specification.vendor" value="Oracle Corporation"/>
    <property name="java.version.date" value="2023-03-21"/>
    <property name="java.home" value="/Users/sripraveenainala/Library/Java/JavaVirtualMachines/openjdk-20/Contents/Home"/>
    <property name="file.separator" value="/"/>
    <property name="basedir" value="/Users/sripraveenainala/VeevaSystems/Veeva"/>
    <property name="java.vm.compressedOopsMode" value="Zero based"/>
    <property name="line.separator" value="&#10;"/>
    <property name="java.vm.specification.vendor" value="Oracle Corporation"/>
    <property name="java.specification.name" value="Java Platform API Specification"/>
    <property name="apple.awt.application.name" value="ForkedBooter"/>
    <property name="surefire.real.class.path" value="/Users/sripraveenainala/VeevaSystems/Veeva/target/surefire/surefirebooter-20240506071642998_3.jar"/>
    <property name="sun.management.compiler" value="HotSpot 64-Bit Tiered Compilers"/>
    <property name="ftp.nonProxyHosts" value="local|*.local|169.254/16|*.169.254/16"/>
    <property name="java.runtime.version" value="20+36-2344"/>
    <property name="user.name" value="sripraveenainala"/>
    <property name="stdout.encoding" value="US-ASCII"/>
    <property name="path.separator" value=":"/>
    <property name="os.version" value="12.7.1"/>
    <property name="java.runtime.name" value="OpenJDK Runtime Environment"/>
    <property name="file.encoding" value="UTF-8"/>
    <property name="java.vm.name" value="OpenJDK 64-Bit Server VM"/>
    <property name="localRepository" value="/Users/sripraveenainala/.m2/repository"/>
    <property name="java.vendor.url.bug" value="https://bugreport.java.com/bugreport/"/>
    <property name="java.io.tmpdir" value="/var/folders/zd/shrp8hw96k75y1dmm5nztp1m0000gn/T/"/>
    <property name="java.version" value="20"/>
    <property name="user.dir" value="/Users/sripraveenainala/VeevaSystems/Veeva"/>
    <property name="os.arch" value="x86_64"/>
    <property name="java.vm.specification.name" value="Java Virtual Machine Specification"/>
    <property name="native.encoding" value="US-ASCII"/>
    <property name="java.library.path" value="/Users/sripraveenainala/Library/Java/Extensions:/Library/Java/Extensions:/Network/Library/Java/Extensions:/System/Library/Java/Extensions:/usr/lib/java:."/>
    <property name="java.vm.info" value="mixed mode, sharing"/>
    <property name="stderr.encoding" value="US-ASCII"/>
    <property name="java.vendor" value="Oracle Corporation"/>
    <property name="java.vm.version" value="20+36-2344"/>
    <property name="sun.io.unicode.encoding" value="UnicodeBig"/>
    <property name="socksNonProxyHosts" value="local|*.local|169.254/16|*.169.254/16"/>
    <property name="java.class.version" value="64.0"/>
  </properties>
  <testcase name="runScenario[&quot;Testcase1 for CP&quot;, &quot;CoreProduct Feature&quot;](1)" classname="org.assessment.testcaserunners.CoreProductRunner" time="35.777">
    <system-out><![CDATA[07:16:43.928 [main] DEBUG org.testng.TestNG -- suiteXmlPath: "/Users/sripraveenainala/VeevaSystems/Veeva/testng.xml"

Scenario: Testcase1 for CP                                                       # src/test/java/org/assessment/features/coreproduct/CoreProduct.feature:3
chrome
07:16:48.286 [TestNG-test=Features-1] DEBUG io.github.bonigarcia.wdm.WebDriverManager -- Using WebDriverManager 5.7.0
07:16:49.579 [TestNG-test=Features-1] DEBUG io.github.bonigarcia.wdm.cache.ResolutionCache -- Removing resolution chrome=124 from cache (expired on Mon May 06 00:19:46 IST 2024)
07:16:49.657 [TestNG-test=Features-1] DEBUG org.apache.hc.client5.http.impl.classic.InternalHttpClient -- ex-0000000001 preparing request execution
07:16:49.679 [TestNG-test=Features-1] DEBUG org.apache.hc.client5.http.impl.classic.ProtocolExec -- ex-0000000001 target auth state: UNCHALLENGED
07:16:49.680 [TestNG-test=Features-1] DEBUG org.apache.hc.client5.http.impl.classic.ProtocolExec -- ex-0000000001 proxy auth state: UNCHALLENGED
07:16:49.681 [TestNG-test=Features-1] DEBUG org.apache.hc.client5.http.impl.classic.ConnectExec -- ex-0000000001 acquiring connection with route {s}->https://raw.githubusercontent.com:443
07:16:49.681 [TestNG-test=Features-1] DEBUG org.apache.hc.client5.http.impl.classic.InternalHttpClient -- ex-0000000001 acquiring endpoint (3 MINUTES)
07:16:49.686 [TestNG-test=Features-1] DEBUG org.apache.hc.client5.http.impl.io.PoolingHttpClientConnectionManager -- ex-0000000001 endpoint lease request (3 MINUTES) [route: {s}->https://raw.githubusercontent.com:443][total available: 0; route allocated: 0 of 5; total allocated: 0 of 25]
07:16:49.693 [TestNG-test=Features-1] DEBUG org.apache.hc.client5.http.impl.io.PoolingHttpClientConnectionManager -- ex-0000000001 endpoint leased [route: {s}->https://raw.githubusercontent.com:443][total available: 0; route allocated: 1 of 5; total allocated: 1 of 25]
07:16:49.730 [TestNG-test=Features-1] DEBUG org.apache.hc.client5.http.impl.io.PoolingHttpClientConnectionManager -- ex-0000000001 acquired ep-0000000001
07:16:49.734 [TestNG-test=Features-1] DEBUG org.apache.hc.client5.http.impl.classic.InternalHttpClient -- ex-0000000001 acquired endpoint ep-0000000001
07:16:49.736 [TestNG-test=Features-1] DEBUG org.apache.hc.client5.http.impl.classic.ConnectExec -- ex-0000000001 opening connection {s}->https://raw.githubusercontent.com:443
07:16:49.737 [TestNG-test=Features-1] DEBUG org.apache.hc.client5.http.impl.classic.InternalHttpClient -- ep-0000000001 connecting endpoint (null)
07:16:49.742 [TestNG-test=Features-1] DEBUG org.apache.hc.client5.http.impl.io.PoolingHttpClientConnectionManager -- ep-0000000001 connecting endpoint to https://raw.githubusercontent.com:443 (30 SECONDS)
07:16:49.743 [TestNG-test=Features-1] DEBUG org.apache.hc.client5.http.impl.io.DefaultHttpClientConnectionOperator -- raw.githubusercontent.com resolving remote address
07:16:49.776 [TestNG-test=Features-1] DEBUG org.apache.hc.client5.http.impl.io.DefaultHttpClientConnectionOperator -- raw.githubusercontent.com resolved to [raw.githubusercontent.com/185.199.110.133, raw.githubusercontent.com/185.199.111.133, raw.githubusercontent.com/185.199.108.133, raw.githubusercontent.com/185.199.109.133, raw.githubusercontent.com/2606:50c0:8000:0:0:0:0:154, raw.githubusercontent.com/2606:50c0:8001:0:0:0:0:154, raw.githubusercontent.com/2606:50c0:8002:0:0:0:0:154, raw.githubusercontent.com/2606:50c0:8003:0:0:0:0:154]
07:16:49.816 [TestNG-test=Features-1] DEBUG org.apache.hc.client5.http.impl.io.DefaultHttpClientConnectionOperator -- raw.githubusercontent.com:443 connecting null->raw.githubusercontent.com/185.199.110.133:443 (30 SECONDS)
07:16:49.816 [TestNG-test=Features-1] DEBUG org.apache.hc.client5.http.ssl.SSLConnectionSocketFactory -- Connecting socket to raw.githubusercontent.com/185.199.110.133:443 with timeout 30 SECONDS
07:16:50.175 [TestNG-test=Features-1] DEBUG org.apache.hc.client5.http.ssl.SSLConnectionSocketFactory -- Enabled protocols: [TLSv1.3, TLSv1.2]
07:16:50.177 [TestNG-test=Features-1] DEBUG org.apache.hc.client5.http.ssl.SSLConnectionSocketFactory -- Enabled cipher suites: [TLS_AES_256_GCM_SHA384, TLS_AES_128_GCM_SHA256, TLS_CHACHA20_POLY1305_SHA256, TLS_ECDHE_ECDSA_WITH_AES_256_GCM_SHA384, TLS_ECDHE_ECDSA_WITH_AES_128_GCM_SHA256, TLS_ECDHE_ECDSA_WITH_CHACHA20_POLY1305_SHA256, TLS_ECDHE_RSA_WITH_AES_256_GCM_SHA384, TLS_ECDHE_RSA_WITH_CHACHA20_POLY1305_SHA256, TLS_ECDHE_RSA_WITH_AES_128_GCM_SHA256, TLS_DHE_RSA_WITH_AES_256_GCM_SHA384, TLS_DHE_RSA_WITH_CHACHA20_POLY1305_SHA256, TLS_DHE_DSS_WITH_AES_256_GCM_SHA384, TLS_DHE_RSA_WITH_AES_128_GCM_SHA256, TLS_DHE_DSS_WITH_AES_128_GCM_SHA256, TLS_ECDHE_ECDSA_WITH_AES_256_CBC_SHA384, TLS_ECDHE_RSA_WITH_AES_256_CBC_SHA384, TLS_ECDHE_ECDSA_WITH_AES_128_CBC_SHA256, TLS_ECDHE_RSA_WITH_AES_128_CBC_SHA256, TLS_DHE_RSA_WITH_AES_256_CBC_SHA256, TLS_DHE_DSS_WITH_AES_256_CBC_SHA256, TLS_DHE_RSA_WITH_AES_128_CBC_SHA256, TLS_DHE_DSS_WITH_AES_128_CBC_SHA256, TLS_ECDHE_ECDSA_WITH_AES_256_CBC_SHA, TLS_ECDHE_RSA_WITH_AES_256_CBC_SHA, TLS_ECDHE_ECDSA_WITH_AES_128_CBC_SHA, TLS_ECDHE_RSA_WITH_AES_128_CBC_SHA, TLS_DHE_RSA_WITH_AES_256_CBC_SHA, TLS_DHE_DSS_WITH_AES_256_CBC_SHA, TLS_DHE_RSA_WITH_AES_128_CBC_SHA, TLS_DHE_DSS_WITH_AES_128_CBC_SHA, TLS_RSA_WITH_AES_256_GCM_SHA384, TLS_RSA_WITH_AES_128_GCM_SHA256, TLS_RSA_WITH_AES_256_CBC_SHA256, TLS_RSA_WITH_AES_128_CBC_SHA256, TLS_RSA_WITH_AES_256_CBC_SHA, TLS_RSA_WITH_AES_128_CBC_SHA, TLS_EMPTY_RENEGOTIATION_INFO_SCSV]
07:16:50.179 [TestNG-test=Features-1] DEBUG org.apache.hc.client5.http.ssl.SSLConnectionSocketFactory -- Starting handshake (null)
07:16:50.710 [TestNG-test=Features-1] DEBUG org.apache.hc.client5.http.ssl.SSLConnectionSocketFactory -- Secure session established
07:16:50.711 [TestNG-test=Features-1] DEBUG org.apache.hc.client5.http.ssl.SSLConnectionSocketFactory --  negotiated protocol: TLSv1.3
07:16:50.711 [TestNG-test=Features-1] DEBUG org.apache.hc.client5.http.ssl.SSLConnectionSocketFactory --  negotiated cipher suite: TLS_AES_128_GCM_SHA256
07:16:50.711 [TestNG-test=Features-1] DEBUG org.apache.hc.client5.http.ssl.SSLConnectionSocketFactory --  peer principal: CN=*.github.io, O="GitHub, Inc.", L=San Francisco, ST=California, C=US
07:16:50.713 [TestNG-test=Features-1] DEBUG org.apache.hc.client5.http.ssl.SSLConnectionSocketFactory --  peer alternative names: [*.github.io, github.io, githubusercontent.com, www.github.com, *.github.com, *.githubusercontent.com, github.com]
07:16:50.715 [TestNG-test=Features-1] DEBUG org.apache.hc.client5.http.ssl.SSLConnectionSocketFactory --  issuer principal: CN=DigiCert Global G2 TLS RSA SHA256 2020 CA1, O=DigiCert Inc, C=US
07:16:50.717 [TestNG-test=Features-1] DEBUG org.apache.hc.client5.http.impl.io.DefaultManagedHttpClientConnection -- http-outgoing-0 set socket timeout to 3 MINUTES
07:16:50.720 [TestNG-test=Features-1] DEBUG org.apache.hc.client5.http.impl.io.DefaultHttpClientConnectionOperator -- raw.githubusercontent.com:443 connected null->raw.githubusercontent.com/185.199.110.133:443 as http-outgoing-0
07:16:50.720 [TestNG-test=Features-1] DEBUG org.apache.hc.client5.http.impl.io.PoolingHttpClientConnectionManager -- ep-0000000001 connected http-outgoing-0
07:16:50.720 [TestNG-test=Features-1] DEBUG org.apache.hc.client5.http.impl.classic.InternalHttpClient -- ep-0000000001 endpoint connected
07:16:50.721 [TestNG-test=Features-1] DEBUG org.apache.hc.client5.http.impl.classic.MainClientExec -- ex-0000000001 executing GET /bonigarcia/webdrivermanager/master/src/main/resources/commands.properties HTTP/1.1
07:16:50.722 [TestNG-test=Features-1] DEBUG org.apache.hc.client5.http.protocol.RequestAddCookies -- ex-0000000001 Cookie spec selected: strict
07:16:50.735 [TestNG-test=Features-1] DEBUG org.apache.hc.client5.http.impl.classic.InternalHttpClient -- ep-0000000001 start execution ex-0000000001
07:16:50.736 [TestNG-test=Features-1] DEBUG org.apache.hc.client5.http.impl.io.PoolingHttpClientConnectionManager -- ep-0000000001 executing exchange ex-0000000001 over http-outgoing-0
07:16:50.738 [TestNG-test=Features-1] DEBUG org.apache.hc.client5.http.headers -- http-outgoing-0 >> GET /bonigarcia/webdrivermanager/master/src/main/resources/commands.properties HTTP/1.1
07:16:50.738 [TestNG-test=Features-1] DEBUG org.apache.hc.client5.http.headers -- http-outgoing-0 >> user-agent: Apache-HttpClient/5.0
07:16:50.738 [TestNG-test=Features-1] DEBUG org.apache.hc.client5.http.headers -- http-outgoing-0 >> accept-encoding: gzip, deflate, br
07:16:50.738 [TestNG-test=Features-1] DEBUG org.apache.hc.client5.http.headers -- http-outgoing-0 >> cache-control: max-age=0
07:16:50.738 [TestNG-test=Features-1] DEBUG org.apache.hc.client5.http.headers -- http-outgoing-0 >> connection: keep-alive
07:16:50.738 [TestNG-test=Features-1] DEBUG org.apache.hc.client5.http.headers -- http-outgoing-0 >> Host: raw.githubusercontent.com
07:16:50.738 [TestNG-test=Features-1] DEBUG org.apache.hc.client5.http.wire -- http-outgoing-0 >> "GET /bonigarcia/webdrivermanager/master/src/main/resources/commands.properties HTTP/1.1[\r][\n]"
07:16:50.739 [TestNG-test=Features-1] DEBUG org.apache.hc.client5.http.wire -- http-outgoing-0 >> "user-agent: Apache-HttpClient/5.0[\r][\n]"
07:16:50.739 [TestNG-test=Features-1] DEBUG org.apache.hc.client5.http.wire -- http-outgoing-0 >> "accept-encoding: gzip, deflate, br[\r][\n]"
07:16:50.739 [TestNG-test=Features-1] DEBUG org.apache.hc.client5.http.wire -- http-outgoing-0 >> "cache-control: max-age=0[\r][\n]"
07:16:50.739 [TestNG-test=Features-1] DEBUG org.apache.hc.client5.http.wire -- http-outgoing-0 >> "connection: keep-alive[\r][\n]"
07:16:50.739 [TestNG-test=Features-1] DEBUG org.apache.hc.client5.http.wire -- http-outgoing-0 >> "Host: raw.githubusercontent.com[\r][\n]"
07:16:50.739 [TestNG-test=Features-1] DEBUG org.apache.hc.client5.http.wire -- http-outgoing-0 >> "[\r][\n]"
07:16:50.749 [TestNG-test=Features-1] DEBUG org.apache.hc.client5.http.wire -- http-outgoing-0 << "HTTP/1.1 200 OK[\r][\n]"
07:16:50.749 [TestNG-test=Features-1] DEBUG org.apache.hc.client5.http.wire -- http-outgoing-0 << "Connection: keep-alive[\r][\n]"
07:16:50.750 [TestNG-test=Features-1] DEBUG org.apache.hc.client5.http.wire -- http-outgoing-0 << "Content-Length: 745[\r][\n]"
07:16:50.750 [TestNG-test=Features-1] DEBUG org.apache.hc.client5.http.wire -- http-outgoing-0 << "Cache-Control: max-age=300[\r][\n]"
07:16:50.750 [TestNG-test=Features-1] DEBUG org.apache.hc.client5.http.wire -- http-outgoing-0 << "Content-Security-Policy: default-src 'none'; style-src 'unsafe-inline'; sandbox[\r][\n]"
07:16:50.751 [TestNG-test=Features-1] DEBUG org.apache.hc.client5.http.wire -- http-outgoing-0 << "Content-Type: text/plain; charset=utf-8[\r][\n]"
07:16:50.752 [TestNG-test=Features-1] DEBUG org.apache.hc.client5.http.wire -- http-outgoing-0 << "ETag: W/"dd41edff335272162022217759820159dac501cff56850e2510f504462cd9b5f"[\r][\n]"
07:16:50.753 [TestNG-test=Features-1] DEBUG org.apache.hc.client5.http.wire -- http-outgoing-0 << "Strict-Transport-Security: max-age=31536000[\r][\n]"
07:16:50.753 [TestNG-test=Features-1] DEBUG org.apache.hc.client5.http.wire -- http-outgoing-0 << "X-Content-Type-Options: nosniff[\r][\n]"
07:16:50.753 [TestNG-test=Features-1] DEBUG org.apache.hc.client5.http.wire -- http-outgoing-0 << "X-Frame-Options: deny[\r][\n]"
07:16:50.753 [TestNG-test=Features-1] DEBUG org.apache.hc.client5.http.wire -- http-outgoing-0 << "X-XSS-Protection: 1; mode=block[\r][\n]"
07:16:50.753 [TestNG-test=Features-1] DEBUG org.apache.hc.client5.http.wire -- http-outgoing-0 << "X-GitHub-Request-Id: 5F88:19D744:579D93:7205BE:6611C0D7[\r][\n]"
07:16:50.754 [TestNG-test=Features-1] DEBUG org.apache.hc.client5.http.wire -- http-outgoing-0 << "Content-Encoding: gzip[\r][\n]"
07:16:50.754 [TestNG-test=Features-1] DEBUG org.apache.hc.client5.http.wire -- http-outgoing-0 << "Accept-Ranges: bytes[\r][\n]"
07:16:50.754 [TestNG-test=Features-1] DEBUG org.apache.hc.client5.http.wire -- http-outgoing-0 << "Date: Mon, 06 May 2024 01:46:47 GMT[\r][\n]"
07:16:50.754 [TestNG-test=Features-1] DEBUG org.apache.hc.client5.http.wire -- http-outgoing-0 << "Via: 1.1 varnish[\r][\n]"
07:16:50.754 [TestNG-test=Features-1] DEBUG org.apache.hc.client5.http.wire -- http-outgoing-0 << "X-Served-By: cache-hyd1100029-HYD[\r][\n]"
07:16:50.754 [TestNG-test=Features-1] DEBUG org.apache.hc.client5.http.wire -- http-outgoing-0 << "X-Cache: HIT[\r][\n]"
07:16:50.755 [TestNG-test=Features-1] DEBUG org.apache.hc.client5.http.wire -- http-outgoing-0 << "X-Cache-Hits: 1[\r][\n]"
07:16:50.755 [TestNG-test=Features-1] DEBUG org.apache.hc.client5.http.wire -- http-outgoing-0 << "X-Timer: S1714960008.949974,VS0,VE1[\r][\n]"
07:16:50.755 [TestNG-test=Features-1] DEBUG org.apache.hc.client5.http.wire -- http-outgoing-0 << "Vary: Authorization,Accept-Encoding,Origin[\r][\n]"
07:16:50.755 [TestNG-test=Features-1] DEBUG org.apache.hc.client5.http.wire -- http-outgoing-0 << "Access-Control-Allow-Origin: *[\r][\n]"
07:16:50.755 [TestNG-test=Features-1] DEBUG org.apache.hc.client5.http.wire -- http-outgoing-0 << "Cross-Origin-Resource-Policy: cross-origin[\r][\n]"
07:16:50.755 [TestNG-test=Features-1] DEBUG org.apache.hc.client5.http.wire -- http-outgoing-0 << "X-Fastly-Request-ID: 140eb54d789dfc43f99b30b782b006b85f7ba46f[\r][\n]"
07:16:50.755 [TestNG-test=Features-1] DEBUG org.apache.hc.client5.http.wire -- http-outgoing-0 << "Expires: Mon, 06 May 2024 01:51:47 GMT[\r][\n]"
07:16:50.755 [TestNG-test=Features-1] DEBUG org.apache.hc.client5.http.wire -- http-outgoing-0 << "Source-Age: 227[\r][\n]"
07:16:50.755 [TestNG-test=Features-1] DEBUG org.apache.hc.client5.http.wire -- http-outgoing-0 << "[\r][\n]"
07:16:50.759 [TestNG-test=Features-1] DEBUG org.apache.hc.client5.http.headers -- http-outgoing-0 << HTTP/1.1 200 OK
07:16:50.759 [TestNG-test=Features-1] DEBUG org.apache.hc.client5.http.headers -- http-outgoing-0 << Connection: keep-alive
07:16:50.759 [TestNG-test=Features-1] DEBUG org.apache.hc.client5.http.headers -- http-outgoing-0 << Content-Length: 745
07:16:50.759 [TestNG-test=Features-1] DEBUG org.apache.hc.client5.http.headers -- http-outgoing-0 << Cache-Control: max-age=300
07:16:50.759 [TestNG-test=Features-1] DEBUG org.apache.hc.client5.http.headers -- http-outgoing-0 << Content-Security-Policy: default-src 'none'; style-src 'unsafe-inline'; sandbox
07:16:50.759 [TestNG-test=Features-1] DEBUG org.apache.hc.client5.http.headers -- http-outgoing-0 << Content-Type: text/plain; charset=utf-8
07:16:50.759 [TestNG-test=Features-1] DEBUG org.apache.hc.client5.http.headers -- http-outgoing-0 << ETag: W/"dd41edff335272162022217759820159dac501cff56850e2510f504462cd9b5f"
07:16:50.760 [TestNG-test=Features-1] DEBUG org.apache.hc.client5.http.headers -- http-outgoing-0 << Strict-Transport-Security: max-age=31536000
07:16:50.760 [TestNG-test=Features-1] DEBUG org.apache.hc.client5.http.headers -- http-outgoing-0 << X-Content-Type-Options: nosniff
07:16:50.760 [TestNG-test=Features-1] DEBUG org.apache.hc.client5.http.headers -- http-outgoing-0 << X-Frame-Options: deny
07:16:50.760 [TestNG-test=Features-1] DEBUG org.apache.hc.client5.http.headers -- http-outgoing-0 << X-XSS-Protection: 1; mode=block
07:16:50.760 [TestNG-test=Features-1] DEBUG org.apache.hc.client5.http.headers -- http-outgoing-0 << X-GitHub-Request-Id: 5F88:19D744:579D93:7205BE:6611C0D7
07:16:50.760 [TestNG-test=Features-1] DEBUG org.apache.hc.client5.http.headers -- http-outgoing-0 << Content-Encoding: gzip
07:16:50.760 [TestNG-test=Features-1] DEBUG org.apache.hc.client5.http.headers -- http-outgoing-0 << Accept-Ranges: bytes
07:16:50.760 [TestNG-test=Features-1] DEBUG org.apache.hc.client5.http.headers -- http-outgoing-0 << Date: Mon, 06 May 2024 01:46:47 GMT
07:16:50.760 [TestNG-test=Features-1] DEBUG org.apache.hc.client5.http.headers -- http-outgoing-0 << Via: 1.1 varnish
07:16:50.761 [TestNG-test=Features-1] DEBUG org.apache.hc.client5.http.headers -- http-outgoing-0 << X-Served-By: cache-hyd1100029-HYD
07:16:50.761 [TestNG-test=Features-1] DEBUG org.apache.hc.client5.http.headers -- http-outgoing-0 << X-Cache: HIT
07:16:50.761 [TestNG-test=Features-1] DEBUG org.apache.hc.client5.http.headers -- http-outgoing-0 << X-Cache-Hits: 1
07:16:50.761 [TestNG-test=Features-1] DEBUG org.apache.hc.client5.http.headers -- http-outgoing-0 << X-Timer: S1714960008.949974,VS0,VE1
07:16:50.761 [TestNG-test=Features-1] DEBUG org.apache.hc.client5.http.headers -- http-outgoing-0 << Vary: Authorization,Accept-Encoding,Origin
07:16:50.761 [TestNG-test=Features-1] DEBUG org.apache.hc.client5.http.headers -- http-outgoing-0 << Access-Control-Allow-Origin: *
07:16:50.761 [TestNG-test=Features-1] DEBUG org.apache.hc.client5.http.headers -- http-outgoing-0 << Cross-Origin-Resource-Policy: cross-origin
07:16:50.761 [TestNG-test=Features-1] DEBUG org.apache.hc.client5.http.headers -- http-outgoing-0 << X-Fastly-Request-ID: 140eb54d789dfc43f99b30b782b006b85f7ba46f
07:16:50.761 [TestNG-test=Features-1] DEBUG org.apache.hc.client5.http.headers -- http-outgoing-0 << Expires: Mon, 06 May 2024 01:51:47 GMT
07:16:50.761 [TestNG-test=Features-1] DEBUG org.apache.hc.client5.http.headers -- http-outgoing-0 << Source-Age: 227
07:16:50.766 [TestNG-test=Features-1] DEBUG org.apache.hc.client5.http.impl.classic.MainClientExec -- ex-0000000001 connection can be kept alive for 3 MINUTES
07:16:50.783 [TestNG-test=Features-1] DEBUG org.apache.hc.client5.http.wire -- http-outgoing-0 << "[0x1f][0xffffff8b][0x8][0x0][0x0][0x0][0x0][0x0][0x0][0x3][0xffffffb5]W]o[0xffffffda]0[0x14]}[0xffffffe7]W\QUj% [0x1b][0xffffffad][0xffffffa6]i[0x12][0xf]4c[0xffffffdd]4*[0x18][0xffffffb4][0xffffffdd]&[0xfffffff9][0xffffffc5]$N[0xffffffb0][0xffffff94][0xffffffd8][0xffffffc8]NJ[0xffffffb7]_?[0xffffffdb][0xfffffff9]X[0xffffff92]:[0xffffffa3]k[0xffffffe8][0x1b][0xffffffb6][0xffffffef]=[0xffffffe7][0xffffffd8][0xfffffff7][0xffffffe4][0xffffffda][0xffffff9c][0xffffff80][0xffffffcb][0xffffffe3][0x18]3_[0xffffff82][0xffffff8f][0x13][0xffffffbc][0xffffffc1][0xffffff92][0xfffffff4]N[0xffffffe0]vK%[0x4]4"[0xffffffe0]q[0xffffff96]`[0xffffffca]$$[=[0xffffffc8]C[0x13][0xe][0x1b][0x2][0xffffffe4][0xffffff91]xiB|[0xffffffa0][0xffffffcc],[0xffffffcb]-[0xffffff89]"=[0xffffffe0][0xffffffc2]'B[0x7][0xfffffff9]$!^b[0x16][0x1f][0xffffff88][0xffffff90][0xffffff94][0xffffffab][0xffffffb5][0x0][0xffffff88][0xfffffffa][0x1d][\n]"
07:16:50.784 [TestNG-test=Features-1] DEBUG org.apache.hc.client5.http.wire -- http-outgoing-0 << "B[0x18]l[0x4][0xffffffdf]K[0xffffffb5][0xffffffa0]([0xffffffcf][0xffffffdc][0xffffffad][0xffffffe0]1[0x19][0xffffffc0]'*H[0xffffffc0][0x1f][0x7][0xffffffb0][0xffffffd8][0x11][0xffffff81][0x7]0[0xfffffff3]C5kVi[0x1a][0xffffff9f]k|[0xffffff9f][0x6][0x1][0x11][0xffffff84]%[0xffffffc0]uLBY[0x8][0xfffffff2][0xffffff97]LH,[0xffffffe1][0xffffffec];e[0xffffffbe]B[0x1d][0xffffffc0][0xffffff9c][0xffffffb2]T[0xffffffc1][0xffffffdc]`[0xf][0x16][0xffffffeb][0xfffffff3][0xffffff9e][0xffffffe2][0xffffffc8](z[0xfffffff9]6F[0xffffff9e][0x19][0xffffff8e][0xfffffff6]Y[0xffffffc2][0xffffffe8][0xffffffcd][0xffffffdb][0xffffff89][0x17][0xfffffffb]#[0xffffffb5]+p\[0xffffffd8][0xffffffc7][0xffffffd4]3Gb[0xffffff8e]a[0xffffffbf]U|[0xffffffc0]pL&[0xfffffffd][0xffffffd3][0xffffffe5]jq[0xffffffbd][0xffffff9a][0xffffffde]|[0xfffffffa]2[0xffffff9f][0xffffffad]?[0xffffffa0][0x9]B[0xffffffa7][0x8]]s[0x1e]F[0x4][0xffffffa1][0xffffff8c][0x2][0xffffffa1][0xffffffe9]n[0x17]QOI[0xffffffe3][0xc][0xffffffa1][0xffffff9c]H![0xfffffff7]!$[0x9][0xffffffdc][0xffffffe7]g[0xffffffe1]<[0xffffffe0](m[0xffffffd7]3~[0xffffff81][0xffffff9e][0xffffffb3][0x1f][0xffffffef][0xffffffdf][0xffffff9d][0xffffffbf][0xffffffa6][0xffffffa8][0xffffff8b]g[0xffffff8a][0xffffff9a]/[0xffffffdc][0xffffffe9]|[0xffffffba]\~[0xffffff9c][0xffffffde]N_S[0xffffffcf][0xffffffe5]d5[0xffffffbb][0xffffff86]ow[0xffffffb3][0xffffffd5]O[0xfffffff8][0xfffffffc][0xffffffd5][0xffffffbd]Ck[0x1e]${,H[0xffffffc1][0xffffff96][0xffffff93]][0xffffffcd][0xffffffaf][0x8][0xfffffff6][0xc]^[0xffffffe1][0xffffffc5]^[0x13]4[0xffffffd2][0xffffff8e][0xffffffd1]>pR)[0xffffff9c][\r]eNh0[0xffffff86][0xffffffd9]:[0xc][0xffffff87]E[0xffffffa6]=q<i[0xffffff8b]o&[0xffffffc4][0xffffffd8]3<[0xffffff95][0x13][0xffffff90]N&8w[0xffffffe9][0x8][0xffffffef]v[0xffffff8e][0xffffffab][0xffffffbe]>es[0xffffffe9]([0x13]/[0xffffffd6][0xfffffff5][0xffffff80]*[0xffffffba][0xfffffff2]v[0xfffffffe][0xffffffd9][0xffffff94]DA6>[0xffffff8e][0xffffffbb]o[0xfffffff8]o[0x1a]E[0xffffffb8] A[0xffffffa8]@?T[0xffffffad]'*:{[0xfffffffa]xR.*[0xffffffce][0xffffffe9][0xffffffd7][0xffffffad][0xffffff93][0xffffff93]4[0xffffffc9][0xfffffffa][0xffffffda]<n*t[0xffffffeb][0xffffffb9]oV[0xffffffb6][0xffffffc0]/M[0xffffff94]O[0xffffffc0][0xfffffff0][0xffffffe1]i[0xffffff90][0xffffffb5][0xfffffffe]9[0xffffff8b][0xffffffad][0xfffffff2]U,Ul[0xffffffdd][0x13]KL[0xffffffa2][0x6][0xffffffdd][0xffffffca]\?`[0xffffffea][0x9].[0xffffffd5]I [0xffffffa4]i[0x1a]_i,[\r][0xffffffdd][0xffffffa1][0xffffffc3][0xffffffae]kzI[0xffffffd1]_Q[0xffffffce]Ek[0xffffffcb][0xfffffff8]Kf[0xffffffb8][0xfffffffe][0xffffffd9]3[0xc][0xffffffe6][0xffffffd3][0xffffff8e][0x11][0x17][0x10]C[0x1d]`i[0x19][0xffffffd5][0xffffffbc][0xfffffff1][0xffffffa4]5[0xffffffbc][0x1e]o[0xfffffff5]K[0xffffffa9][0xffffffd6][0xfffffff8][0xffffffc1]f[0xffffff9b]z[0x4][0xffffffd4][0x1a][0xffffff86][0xffffffb9]^K[0x16]s[0xffffff91][0xfffffffe][0xffffffbf][0xffffff8b]l]~)x(p,[0x11]2[0x14][0x8]E8e[0xffffff9e][0xffffffca]:X[0xffffffa6][0xffffff86][0xffffff88].[0xffffffb6]9[0xffffff9a][0xffffff88].[0xfffffff7]]G[0xffffffea][0xffffffcb][0xe][0xfffffffb][0x7f].u[0xffffff83][0xffffffbb][0xfffffff4][0xffffffb3][0x19][0xffffffda][0xffffffec][0xffffff98][0xffffffc5]Y[0xfffffffd]h8m6\4[0xffffffc1][0xffffff8a][0xffffffb7][0xffffff98]z[0xffffffd0][0xffffffd5]oF5q[0x1c][0x13][0x16][0xfffffff0][0x1d][0x1e][0x19]5-[0xffffff9d][0xffffffef][0xffffffad]c[0xb]z[0xffffffae]/m[0xffffffe6]8[0xffffffb6][0xffffff96][0xfffffff6]7X[0xffffffc9]t[0xfffffff8][0xfffffff9][0xffffffa5][0x11]K[0xfffffffb][0x15]3[0xffffffc3][0xfffffffc][0x1f]B[0xffffffdb][0xffffffd3][0xffffffab][0xffffff92]4.[0xffffff93]Z[0xffffffdf]]:[0xffffffda][0xffffffea][0xffffffdc]B[0xffffffa6][0xffffffcd][0xffffffbc][0xffffffae][0x5][0xfffffff5][0x4][0xffffffd6]8[0xffffffc0][0xffffff82][0xffffff96][0xfffffff0][0xffffffd2][0xc][0xffffffed][0xffffffe0]Y[0xffffffa8][\r]:[[0xffffffa9][0x0][0xffffffff][0x1][0xfffffff8][0x15][0xffffffb4][0xffffffee][0xffffff8e][\r][0x0][0x0]"
07:16:50.788 [TestNG-test=Features-1] DEBUG org.apache.hc.client5.http.impl.classic.InternalHttpClient -- ep-0000000001 releasing valid endpoint
07:16:50.788 [TestNG-test=Features-1] DEBUG org.apache.hc.client5.http.impl.io.PoolingHttpClientConnectionManager -- ep-0000000001 releasing endpoint
07:16:50.788 [TestNG-test=Features-1] DEBUG org.apache.hc.client5.http.impl.io.PoolingHttpClientConnectionManager -- ep-0000000001 connection http-outgoing-0 can be kept alive for 3 MINUTES
07:16:50.789 [TestNG-test=Features-1] DEBUG org.apache.hc.client5.http.impl.io.PoolingHttpClientConnectionManager -- ep-0000000001 connection released [route: {s}->https://raw.githubusercontent.com:443][total available: 1; route allocated: 1 of 5; total allocated: 1 of 25]
07:16:50.789 [TestNG-test=Features-1] DEBUG io.github.bonigarcia.wdm.versions.VersionDetector -- Detecting chrome version using online commands.properties
07:16:50.792 [TestNG-test=Features-1] DEBUG io.github.bonigarcia.wdm.versions.Shell -- Running command on the shell: [/Applications/Google Chrome.app/Contents/MacOS/Google Chrome, --version]
07:16:50.950 [TestNG-test=Features-1] DEBUG io.github.bonigarcia.wdm.versions.Shell -- Result: Google Chrome 124.0.6367.119
07:16:50.956 [TestNG-test=Features-1] DEBUG io.github.bonigarcia.wdm.cache.ResolutionCache -- Resolution chrome124=124.0.6367.91 in cache (valid until 23:19:46 06/05/2024 IST)
07:16:50.957 [TestNG-test=Features-1] INFO io.github.bonigarcia.wdm.WebDriverManager -- Using chromedriver 124.0.6367.91 (resolved driver for Chrome 124)
07:16:50.961 [TestNG-test=Features-1] DEBUG io.github.bonigarcia.wdm.cache.ResolutionCache -- Storing resolution chrome=124 in cache (valid until 08:16:50 06/05/2024 IST)
07:16:51.002 [TestNG-test=Features-1] DEBUG io.github.bonigarcia.wdm.WebDriverManager -- Driver chromedriver 124.0.6367.91 found in cache
07:16:51.005 [TestNG-test=Features-1] INFO io.github.bonigarcia.wdm.WebDriverManager -- Exporting webdriver.chrome.driver as /Users/sripraveenainala/.cache/selenium/chromedriver/mac64/124.0.6367.91/chromedriver
  Given User Login to the Core Product Application                               # org.assessment.stepdefinitions.CP_HomePage.user_login_to_the_Core_Product_Application()
  Then Skip Signup                                                               # org.assessment.stepdefinitions.CP_HomePage.skip_Signup()
  When User Navigate to shop menu mens                                           # org.assessment.stepdefinitions.CP_HomePage.user_navigate_to_menu()
chrome
07:17:08.860 [TestNG-test=Features-1] INFO org.assessment.utilities.FileUtilities -- Folder is available under given path /Users/sripraveenainala/VeevaSystems/Veeva/target/CoreProduct
07:17:08.861 [TestNG-test=Features-1] INFO org.assessment.utilities.FileUtilities -- /Users/sripraveenainala/VeevaSystems/Veeva/target/CoreProduct/MenProducts.txt File is created
07:17:08.866 [TestNG-test=Features-1] INFO org.assessment.utilities.GenericMethods -- Generic Methods --- getParentWindow id is 71B3B69A6E833B7CBC15240F0A4F3923
07:17:08.894 [TestNG-test=Features-1] INFO org.assessment.utilities.GenericMethods -- getWindowId - window Ids are [71B3B69A6E833B7CBC15240F0A4F3923, B990581AD63D20F2259B16394EC2BD6E]
07:17:08.918 [TestNG-test=Features-1] INFO org.assessment.utilities.GenericMethods -- switchWindow - successfully switch to window id B990581AD63D20F2259B16394EC2BD6E
  Then Collect the all jackets Price Title and Top Seller Message to a text file # org.assessment.stepdefinitions.CP_MensPage.Collect_all_jackets_Price_Title_and_Top_Seller_Message_to_text_file()
chrome
]]></system-out>
    <system-err><![CDATA[May 06, 2024 7:16:55 AM org.openqa.selenium.devtools.CdpVersionFinder findNearestMatch
WARNING: Unable to find an exact match for CDP version 124, returning the closest version; found: 123; Please update to a Selenium version that supports CDP version 124
]]></system-err>
  </testcase>
  <testcase name="runScenario[&quot;Test Case 3 for DP1&quot;, &quot;Derived Product 1&quot;](1)" classname="org.assessment.testcaserunners.DP1Runner" time="4.106">
    <system-out><![CDATA[
Scenario: Test Case 3 for DP1                         # src/test/java/org/assessment/features/derivedproduct1/DerivedProduct1.feature:3
chrome
  Given Login to Derived Product1                     # org.assessment.stepdefinitions.DP1_HomePage.login_to_derived_product1()
  Then Validate the count of number of slides present # org.assessment.stepdefinitions.DP1_HomePage.validate_count_of_number_of_slides_present(io.cucumber.datatable.DataTable)
    | slidesCount |
    | 3           |
  And Validate the tile of each slide                 # org.assessment.stepdefinitions.DP1_HomePage.validate_tile_of_each_slide(io.cucumber.datatable.DataTable)
    | slide1                                               | slide2                                                         | slide3                                                  |
    | Philadelphia 76ers vs. New York Knicks (May 2, 2024) | Maxey's Playoff Career-High 46 Point Performance Forces Game 6 | Tyrese Maxey Named 2023-24 Kia NBA Most Improved Player |
0.3s
0.3s
0.3s
  And Validate the duration of each slide             # org.assessment.stepdefinitions.DP1_HomePage.validate_the_duration_of_each_slide(io.cucumber.datatable.DataTable)
    | slide1_Duration | slide2_Duration | slide3_Duration |
    | 0.3s            | 0.3s            | 0.3s            |
chrome
]]></system-out>
  </testcase>
  <testcase name="runScenario[&quot;TestCase 4 for DP2&quot;, &quot;Derived Product 2&quot;](1)" classname="org.assessment.testcaserunners.DP2Runner" time="6.412">
    <system-out><![CDATA[
Scenario: TestCase 4 for DP2                            # src/test/java/org/assessment/features/derivedproduct2/DerivedProduct2.feature:3
chrome
  Given Login to Derived Product2 HomePage              # org.assessment.stepdefinitions.DP2_HomePage.login_to_derived_product2_HomePage()
  And Scroll to the Footer section of Homepage          # org.assessment.stepdefinitions.DP2_HomePage.scroll_to_the_footer_section_of_homepage()
07:17:32.595 [TestNG-test=Features-1] INFO org.assessment.utilities.FileUtilities -- Folder is available under given path /Users/sripraveenainala/VeevaSystems/Veeva/target/DesiredProduct2
[]
  Then Validate duplicated hyperlinks in Footer section # org.assessment.stepdefinitions.DP2_HomePage.validate_duplicated_hyperlinks_in_Footer()
chrome
]]></system-out>
  </testcase>
</testsuite>