<?xml version="1.0" encoding="UTF-8"?>
<!-- Generated by org.testng.reporters.JUnitReportReporter -->
<testsuite hostname="Sris-MacBook-Air.local" failures="0" tests="1" name="org.assessment.testcaserunners.CoreProductRunner" time="35.759" errors="0" timestamp="2024-05-06T07:17:34 IST" skipped="0">
  <testcase classname="org.assessment.testcaserunners.CoreProductRunner" name="runScenario" time="35.759"/>
</testsuite> <!-- org.assessment.testcaserunners.CoreProductRunner -->
